<?xml version="1.0" encoding="UTF-8"?>
<!-- Generated by org.testng.reporters.JUnitReportReporter -->
<testsuite hostname="BLRL-CFN8S73" failures="0" tests="5" name="com.sg.test.LoginTest" time="53.681" errors="0" timestamp="2021-08-14T16:36:49 IST" skipped="0">
  <testcase classname="com.sg.test.LoginTest" name="validCredentialTest" time="19.884"/>
  <system-out/>
  <testcase classname="com.sg.test.LoginTest" name="invalidCredentialTest" time="6.311"/>
  <system-out/>
  <testcase classname="com.sg.test.LoginTest" name="validCredentialTest" time="9.578"/>
  <system-out/>
  <testcase classname="com.sg.test.LoginTest" name="validCredentialTest" time="10.405"/>
  <system-out/>
  <testcase classname="com.sg.test.LoginTest" name="invalidCredentialTest" time="7.503"/>
  <system-out/>
</testsuite> <!-- com.sg.test.LoginTest -->
