<?xml version="1.0" encoding="UTF-8"?>
<!-- Generated by org.testng.reporters.JUnitReportReporter -->
<testsuite hostname="BLRL-CFN8S73" failures="0" tests="2" name="com.sg.test.LoginTest" time="19.201" errors="0" timestamp="2021-08-13T17:11:32 IST" skipped="0">
  <testcase classname="com.sg.test.LoginTest" name="validCredentialTest" time="11.212"/>
  <system-out/>
  <testcase classname="com.sg.test.LoginTest" name="invalidCredentialTest" time="7.989"/>
  <system-out/>
</testsuite> <!-- com.sg.test.LoginTest -->
