<?xml version="1.0" encoding="UTF-8"?>
<!-- Generated by org.testng.reporters.JUnitReportReporter -->
<testsuite hostname="BLRL-CFN8S73" failures="0" tests="2" name="com.sg.test.AboutTest" time="22.888" errors="0" timestamp="2021-08-16T19:49:27 IST" skipped="0">
  <testcase classname="com.sg.test.AboutTest" name="checkAboutHeaderAndVersionTest" time="11.395"/>
  <system-out/>
  <testcase classname="com.sg.test.AboutTest" name="checkAboutHeaderAndVersionTest" time="11.493"/>
  <system-out/>
</testsuite> <!-- com.sg.test.AboutTest -->
