<?xml version="1.0" encoding="UTF-8"?>
<!-- Generated by org.testng.reporters.JUnitReportReporter -->
<testsuite hostname="BLRL-CFN8S73" failures="0" tests="2" name="com.sg.test.AboutTest" time="25.533" errors="0" timestamp="2021-08-16T11:37:53 IST" skipped="0">
  <testcase classname="com.sg.test.AboutTest" name="checkAboutHeaderAndVersionTest" time="11.232"/>
  <system-out/>
  <testcase classname="com.sg.test.AboutTest" name="checkAboutHeaderAndVersionTest" time="14.301"/>
  <system-out/>
</testsuite> <!-- com.sg.test.AboutTest -->
