<?xml version="1.0" encoding="UTF-8"?>
<!-- Generated by org.testng.reporters.JUnitReportReporter -->
<testsuite hostname="BLRL-CFN8S73" failures="0" tests="1" name="com.sg.test.PatientTest" time="64.422" errors="0" timestamp="2021-08-14T09:38:17 IST" skipped="0">
  <testcase classname="com.sg.test.PatientTest" name="addPatient" time="64.422"/>
  <system-out/>
</testsuite> <!-- com.sg.test.PatientTest -->
