<?xml version="1.0" encoding="UTF-8"?>
<!-- Generated by org.testng.reporters.JUnitReportReporter -->
<testsuite hostname="BLRL-CFN8S73" failures="0" tests="2" name="com.sg.test.PatientTest" time="47.078" errors="0" timestamp="2021-08-16T20:42:45 IST" skipped="0">
  <testcase classname="com.sg.test.PatientTest" name="addPatientTest" time="28.665"/>
  <system-out/>
  <testcase classname="com.sg.test.PatientTest" name="addPatientTest" time="18.413"/>
  <system-out/>
</testsuite> <!-- com.sg.test.PatientTest -->
