<?xml version="1.0" encoding="UTF-8"?>
<!-- Generated by org.testng.reporters.JUnitReportReporter -->
<testsuite hostname="BLRL-CFN8S73" failures="0" tests="1" name="com.sg.test.AckLiecenceAndCertTest" time="12.947" errors="0" timestamp="2021-08-14T11:57:39 IST" skipped="0">
  <testcase classname="com.sg.test.AckLiecenceAndCertTest" name="ackLiecenceAndCertTest" time="12.947"/>
  <system-out/>
</testsuite> <!-- com.sg.test.AckLiecenceAndCertTest -->
