<?xml version="1.0" encoding="UTF-8"?>
<!-- Generated by org.testng.reporters.JUnitReportReporter -->
<testsuite hostname="BLRL-CFN8S73" failures="0" tests="5" name="com.sg.test.LoginTest" time="46.884" errors="0" timestamp="2021-08-16T19:46:20 IST" skipped="0">
  <testcase classname="com.sg.test.LoginTest" name="invalidCredentialTest" time="7.948"/>
  <system-out/>
  <testcase classname="com.sg.test.LoginTest" name="validCredentialTest" time="11.050"/>
  <system-out/>
  <testcase classname="com.sg.test.LoginTest" name="invalidCredentialTest" time="6.612"/>
  <system-out/>
  <testcase classname="com.sg.test.LoginTest" name="validCredentialTest" time="11.100"/>
  <system-out/>
  <testcase classname="com.sg.test.LoginTest" name="validCredentialTest" time="10.174"/>
  <system-out/>
</testsuite> <!-- com.sg.test.LoginTest -->
