<?xml version="1.0" encoding="UTF-8"?>
<!-- Generated by org.testng.reporters.JUnitReportReporter -->
<testsuite hostname="BLRL-CFN8S73" failures="0" tests="1" name="com.sg.test.AckLiecenceAndCertTest" time="10.031" errors="0" timestamp="2021-08-16T20:12:15 IST" skipped="0">
  <testcase classname="com.sg.test.AckLiecenceAndCertTest" name="ackLiecenceAndCertTest" time="10.031"/>
  <system-out/>
</testsuite> <!-- com.sg.test.AckLiecenceAndCertTest -->
