<?xml version="1.0" encoding="UTF-8"?>
<!-- Generated by org.testng.reporters.JUnitReportReporter -->
<testsuite hostname="BLRL-CFN8S73" failures="0" tests="3" name="com.sg.test.DemoTest" time="0.008" errors="0" timestamp="2021-08-14T12:53:40 IST" skipped="0">
  <testcase classname="com.sg.test.DemoTest" name="validTest" time="0.001"/>
  <system-out/>
  <testcase classname="com.sg.test.DemoTest" name="validTest" time="0.001"/>
  <system-out/>
  <testcase classname="com.sg.test.DemoTest" name="validTest" time="0.006"/>
  <system-out/>
</testsuite> <!-- com.sg.test.DemoTest -->
